Arguments: 
  /usr/local/bin/node /usr/local/Cellar/yarn/1.22.10/libexec/bin/yarn.js install

PATH: 
  /usr/local/bin:/usr/bin:/bin:/usr/sbin:/sbin

Yarn version: 
  1.22.10

Node version: 
  12.18.4

Platform: 
  darwin x64

Trace: 
  Error: https://registry.yarnpkg.com/@server%2fshared: Not found
      at Request.params.callback [as _callback] (/usr/local/Cellar/yarn/1.22.10/libexec/lib/cli.js:66988:18)
      at Request.self.callback (/usr/local/Cellar/yarn/1.22.10/libexec/lib/cli.js:140749:22)
      at Request.emit (events.js:315:20)
      at Request.<anonymous> (/usr/local/Cellar/yarn/1.22.10/libexec/lib/cli.js:141721:10)
      at Request.emit (events.js:315:20)
      at IncomingMessage.<anonymous> (/usr/local/Cellar/yarn/1.22.10/libexec/lib/cli.js:141643:12)
      at Object.onceWrapper (events.js:421:28)
      at IncomingMessage.emit (events.js:327:22)
      at endReadableNT (_stream_readable.js:1220:12)
      at processTicksAndRejections (internal/process/task_queues.js:84:21)

npm manifest: 
  {
    "name": "@server/atlas",
    "version": "1.0.0",
    "main": "index.js",
    "license": "MIT",
    "description": "Information about users permissions and settings.",
    "scripts": {
      "build": "babel src --root-mode upward --extensions \".js,.ts\" --out-dir dist --copy-files --no-copy-ignored",
      "start": "node dist/index.js",
      "dev": "ts-node-dev -r tsconfig-paths/register --respawn --transpileOnly --no-notify src/index.ts",
      "test": "jest"
    },
    "dependencies": {
      "@server/shared": "*",
      "@prisma/client": "^2.0.0",
      "bcryptjs": "^2.4.3",
      "dotenv": "^8.2.0",
      "express": "^4.17.1",
      "express-async-errors": "^3.1.1",
      "jsonwebtoken": "^8.5.1",
      "kafkajs": "^1.12.0"
    },
    "devDependencies": {
      "@prisma/cli": "^2.0.0",
      "@types/bcryptjs": "^2.4.2",
      "@types/express": "^4.17.6",
      "@types/jsonwebtoken": "^8.5.0",
      "@types/node": "^14.0.1",
      "ts-node-dev": "^1.0.0-pre.44",
      "typescript": "^3.9.3"
    }
  }

yarn manifest: 
  No manifest

Lockfile: 
  No lockfile
